This file contains any messages produced by compilers while
running configure, to aid debugging if configure makes a mistake.

It was created by ID3 Tag configure 0.15.1b, which was
generated by GNU Autoconf 2.69.  Invocation command line was

  $ ./configure --host=arm-linux --build=x86_64-linux-gnu --enable-shared --enable-static --prefix= --disable-debugging --disable-profiling --disable-dependency-tracking

## --------- ##
## Platform. ##
## --------- ##

hostname = linux
uname -m = x86_64
uname -r = 4.13.0-38-generic
uname -s = Linux
uname -v = #43-Ubuntu SMP Wed Mar 14 15:20:44 UTC 2018

/usr/bin/uname -p = unknown
/bin/uname -X     = unknown

/bin/arch              = unknown
/usr/bin/arch -k       = unknown
/usr/convex/getsysinfo = unknown
/usr/bin/hostinfo      = unknown
/bin/machine           = unknown
/usr/bin/oslevel       = unknown
/bin/universe          = unknown

PATH: /home/mango/data/awrt-mango/tools
PATH: /home/mango/data/awrt-mango/src-rt-9.x/src/ctools
PATH: /home/mango/data/awrt-mango/tools
PATH: /home/mango/data/awrt-mango/src-rt-9.x/src/ctools
PATH: /home/mango/data/awrt-mango/tools
PATH: /home/mango/data/awrt-mango/src-rt-9.x/src/ctools
PATH: /usr/local/sbin
PATH: /usr/local/bin
PATH: /usr/sbin
PATH: /usr/bin
PATH: /sbin
PATH: /bin
PATH: /usr/games
PATH: /usr/local/games
PATH: /snap/bin
PATH: /opt/brcm-arm/bin
PATH: /opt/brcm-arm/bin
PATH: /home/mango/data/awrt-mango/src-rt-9.x/src/toolchain/hndtools-arm-linux-2.6.36-uclibc-4.5.3/bin
PATH: /home/mango/data/awrt-mango/src-rt-9.x/src/toolchain/hndtools-arm-linux-2.6.36-uclibc-4.5.3/bin
PATH: /home/mango/data/awrt-mango/src-rt-9.x/src/toolchain/hndtools-arm-linux-2.6.36-uclibc-4.5.3/bin


## ----------- ##
## Core tests. ##
## ----------- ##

configure:2283: checking for a BSD-compatible install
configure:2351: result: /usr/bin/install -c
configure:2362: checking whether build environment is sane
configure:2417: result: yes
configure:2476: checking for arm-linux-strip
configure:2503: result: arm-brcm-linux-uclibcgnueabi-strip
configure:2568: checking for a thread-safe mkdir -p
configure:2607: result: /bin/mkdir -p
configure:2614: checking for gawk
configure:2630: found /usr/bin/gawk
configure:2641: result: gawk
configure:2652: checking whether make sets $(MAKE)
configure:2674: result: yes
configure:2703: checking whether make supports nested variables
configure:2720: result: yes
configure:2855: checking build system type
configure:2869: result: x86_64-pc-linux-gnu
configure:2889: checking host system type
configure:2902: result: arm-unknown-linux-gnu
configure:2932: checking for arm-linux-gcc
configure:2959: result: arm-brcm-linux-uclibcgnueabi-gcc
configure:3228: checking for C compiler version
configure:3237: arm-brcm-linux-uclibcgnueabi-gcc --version >&5
arm-brcm-linux-uclibcgnueabi-gcc (Buildroot 2012.02) 4.5.3
Copyright (C) 2010 Free Software Foundation, Inc.
This is free software; see the source for copying conditions.  There is NO
warranty; not even for MERCHANTABILITY or FITNESS FOR A PARTICULAR PURPOSE.

configure:3248: $? = 0
configure:3237: arm-brcm-linux-uclibcgnueabi-gcc -v >&5
Using built-in specs.
COLLECT_GCC=arm-brcm-linux-uclibcgnueabi-gcc
COLLECT_LTO_WRAPPER=/home/mango/develop/am-toolchains/brcm-arm-sdk/hndtools-arm-linux-2.6.36-uclibc-4.5.3/bin/../libexec/gcc/arm-brcm-linux-uclibcgnueabi/4.5.3/lto-wrapper
Target: arm-brcm-linux-uclibcgnueabi
Configured with: /projects/toolchains_build/buildroot-2012.02-brcm/output/toolchain/gcc-4.5.3/configure --prefix=/projects/hnd/tools/linux/hndtools-arm-linux-2.6.36-uclibc-4.5.3 --build=i686-pc-linux-gnu --host=i686-pc-linux-gnu --target=arm-brcm-linux-uclibcgnueabi --enable-languages=c,c++ --with-sysroot=/projects/hnd/tools/linux/hndtools-arm-linux-2.6.36-uclibc-4.5.3/arm-brcm-linux-uclibcgnueabi/sysroot --with-build-time-tools=/projects/hnd/tools/linux/hndtools-arm-linux-2.6.36-uclibc-4.5.3/arm-brcm-linux-uclibcgnueabi/bin --disable-__cxa_atexit --enable-target-optspace --disable-libgomp --with-gnu-ld --disable-libssp --disable-multilib --disable-tls --enable-shared --with-gmp=/projects/hnd/tools/linux/hndtools-arm-linux-2.6.36-uclibc-4.5.3 --with-mpfr=/projects/hnd/tools/linux/hndtools-arm-linux-2.6.36-uclibc-4.5.3 --with-mpc=/projects/hnd/tools/linux/hndtools-arm-linux-2.6.36-uclibc-4.5.3 --enable-threads --disable-decimal-float --with-float=soft --with-abi=aapcs-linux --with-arch=armv7-a --with-tune=cortex-a9 --with-pkgversion='Buildroot 2012.02' --with-bugurl=http://bugs.buildroot.net/
Thread model: posix
gcc version 4.5.3 (Buildroot 2012.02) 
configure:3248: $? = 0
configure:3237: arm-brcm-linux-uclibcgnueabi-gcc -V >&5
arm-brcm-linux-uclibcgnueabi-gcc: '-V' option must have argument
configure:3248: $? = 1
configure:3237: arm-brcm-linux-uclibcgnueabi-gcc -qversion >&5
arm-brcm-linux-uclibcgnueabi-gcc: unrecognized option '-qversion'
arm-brcm-linux-uclibcgnueabi-gcc: no input files
configure:3248: $? = 1
configure:3268: checking whether the C compiler works
configure:3290: arm-brcm-linux-uclibcgnueabi-gcc -Os -Wall -DLINUX26 -DCONFIG_BCMWL5 -DDEBUG_NOISY -DDEBUG_RCTEST -pipe -DBCMWPA2 -DBCMARM -fno-strict-aliasing -marm -DRTCONFIG_NVRAM_64K -DLINUX_KERNEL_VERSION=132644  -ffunction-sections -fdata-sections -I/home/mango/data/awrt-mango/src-rt-9.x/src/router/zlib -L/home/mango/data/awrt-mango/src-rt-9.x/src/router/zlib -fPIC -ffunction-sections -fdata-sections -Wl,--gc-sections conftest.c  >&5
configure:3294: $? = 0
configure:3342: result: yes
configure:3345: checking for C compiler default output file name
configure:3347: result: a.out
configure:3353: checking for suffix of executables
configure:3360: arm-brcm-linux-uclibcgnueabi-gcc -o conftest -Os -Wall -DLINUX26 -DCONFIG_BCMWL5 -DDEBUG_NOISY -DDEBUG_RCTEST -pipe -DBCMWPA2 -DBCMARM -fno-strict-aliasing -marm -DRTCONFIG_NVRAM_64K -DLINUX_KERNEL_VERSION=132644  -ffunction-sections -fdata-sections -I/home/mango/data/awrt-mango/src-rt-9.x/src/router/zlib -L/home/mango/data/awrt-mango/src-rt-9.x/src/router/zlib -fPIC -ffunction-sections -fdata-sections -Wl,--gc-sections conftest.c  >&5
configure:3364: $? = 0
configure:3386: result: 
configure:3408: checking whether we are cross compiling
configure:3446: result: yes
configure:3451: checking for suffix of object files
configure:3473: arm-brcm-linux-uclibcgnueabi-gcc -c -Os -Wall -DLINUX26 -DCONFIG_BCMWL5 -DDEBUG_NOISY -DDEBUG_RCTEST -pipe -DBCMWPA2 -DBCMARM -fno-strict-aliasing -marm -DRTCONFIG_NVRAM_64K -DLINUX_KERNEL_VERSION=132644  -ffunction-sections -fdata-sections -I/home/mango/data/awrt-mango/src-rt-9.x/src/router/zlib conftest.c >&5
configure:3477: $? = 0
configure:3498: result: o
configure:3502: checking whether we are using the GNU C compiler
configure:3521: arm-brcm-linux-uclibcgnueabi-gcc -c -Os -Wall -DLINUX26 -DCONFIG_BCMWL5 -DDEBUG_NOISY -DDEBUG_RCTEST -pipe -DBCMWPA2 -DBCMARM -fno-strict-aliasing -marm -DRTCONFIG_NVRAM_64K -DLINUX_KERNEL_VERSION=132644  -ffunction-sections -fdata-sections -I/home/mango/data/awrt-mango/src-rt-9.x/src/router/zlib conftest.c >&5
configure:3521: $? = 0
configure:3530: result: yes
configure:3539: checking whether arm-brcm-linux-uclibcgnueabi-gcc accepts -g
configure:3559: arm-brcm-linux-uclibcgnueabi-gcc -c -g -I/home/mango/data/awrt-mango/src-rt-9.x/src/router/zlib conftest.c >&5
configure:3559: $? = 0
configure:3600: result: yes
configure:3617: checking for arm-brcm-linux-uclibcgnueabi-gcc option to accept ISO C89
configure:3680: arm-brcm-linux-uclibcgnueabi-gcc  -c -Os -Wall -DLINUX26 -DCONFIG_BCMWL5 -DDEBUG_NOISY -DDEBUG_RCTEST -pipe -DBCMWPA2 -DBCMARM -fno-strict-aliasing -marm -DRTCONFIG_NVRAM_64K -DLINUX_KERNEL_VERSION=132644  -ffunction-sections -fdata-sections -I/home/mango/data/awrt-mango/src-rt-9.x/src/router/zlib conftest.c >&5
configure:3680: $? = 0
configure:3693: result: none needed
configure:3718: checking whether arm-brcm-linux-uclibcgnueabi-gcc understands -c and -o together
configure:3740: arm-brcm-linux-uclibcgnueabi-gcc -c conftest.c -o conftest2.o
configure:3743: $? = 0
configure:3740: arm-brcm-linux-uclibcgnueabi-gcc -c conftest.c -o conftest2.o
configure:3743: $? = 0
configure:3755: result: yes
configure:3783: checking for style of include used by make
configure:3811: result: GNU
configure:3837: checking dependency style of arm-brcm-linux-uclibcgnueabi-gcc
configure:3948: result: none
configure:4025: checking how to print strings
configure:4052: result: printf
configure:4073: checking for a sed that does not truncate output
configure:4137: result: /bin/sed
configure:4155: checking for grep that handles long lines and -e
configure:4213: result: /bin/grep
configure:4218: checking for egrep
configure:4280: result: /bin/grep -E
configure:4285: checking for fgrep
configure:4347: result: /bin/grep -F
configure:4382: checking for ld used by arm-brcm-linux-uclibcgnueabi-gcc
configure:4449: result: arm-brcm-linux-uclibcgnueabi-ld
configure:4456: checking if the linker (arm-brcm-linux-uclibcgnueabi-ld) is GNU ld
configure:4471: result: yes
configure:4483: checking for BSD- or MS-compatible name lister (nm)
configure:4537: result: arm-brcm-linux-uclibcgnueabi-nm
configure:4667: checking the name lister (arm-brcm-linux-uclibcgnueabi-nm) interface
configure:4674: arm-brcm-linux-uclibcgnueabi-gcc -c -Os -Wall -DLINUX26 -DCONFIG_BCMWL5 -DDEBUG_NOISY -DDEBUG_RCTEST -pipe -DBCMWPA2 -DBCMARM -fno-strict-aliasing -marm -DRTCONFIG_NVRAM_64K -DLINUX_KERNEL_VERSION=132644  -ffunction-sections -fdata-sections -I/home/mango/data/awrt-mango/src-rt-9.x/src/router/zlib conftest.c >&5
configure:4677: arm-brcm-linux-uclibcgnueabi-nm "conftest.o"
configure:4680: output
00000000 B some_variable
configure:4687: result: BSD nm
configure:4690: checking whether ln -s works
configure:4694: result: yes
configure:4702: checking the maximum length of command line arguments
configure:4833: result: 1572864
configure:4881: checking how to convert x86_64-pc-linux-gnu file names to arm-unknown-linux-gnu format
configure:4921: result: func_convert_file_noop
configure:4928: checking how to convert x86_64-pc-linux-gnu file names to toolchain format
configure:4948: result: func_convert_file_noop
configure:4955: checking for arm-brcm-linux-uclibcgnueabi-ld option to reload object files
configure:4962: result: -r
configure:4996: checking for arm-linux-objdump
configure:5023: result: arm-brcm-linux-uclibcgnueabi-objdump
configure:5095: checking how to recognize dependent libraries
configure:5295: result: pass_all
configure:5340: checking for arm-linux-dlltool
configure:5370: result: no
configure:5380: checking for dlltool
configure:5410: result: no
configure:5440: checking how to associate runtime and link libraries
configure:5467: result: printf %s\n
configure:5484: checking for arm-linux-ar
configure:5511: result: arm-brcm-linux-uclibcgnueabi-ar
configure:5592: checking for archiver @FILE support
configure:5609: arm-brcm-linux-uclibcgnueabi-gcc -c -Os -Wall -DLINUX26 -DCONFIG_BCMWL5 -DDEBUG_NOISY -DDEBUG_RCTEST -pipe -DBCMWPA2 -DBCMARM -fno-strict-aliasing -marm -DRTCONFIG_NVRAM_64K -DLINUX_KERNEL_VERSION=132644  -ffunction-sections -fdata-sections -I/home/mango/data/awrt-mango/src-rt-9.x/src/router/zlib conftest.c >&5
configure:5609: $? = 0
configure:5612: arm-brcm-linux-uclibcgnueabi-ar cru libconftest.a @conftest.lst >&5
configure:5615: $? = 0
configure:5620: arm-brcm-linux-uclibcgnueabi-ar cru libconftest.a @conftest.lst >&5
arm-brcm-linux-uclibcgnueabi-ar: conftest.o: No such file or directory
configure:5623: $? = 1
configure:5635: result: @
configure:5653: checking for arm-linux-strip
configure:5680: result: arm-brcm-linux-uclibcgnueabi-strip
configure:5752: checking for arm-linux-ranlib
configure:5779: result: arm-brcm-linux-uclibcgnueabi-ranlib
configure:5921: checking command to parse arm-brcm-linux-uclibcgnueabi-nm output from arm-brcm-linux-uclibcgnueabi-gcc object
configure:6074: arm-brcm-linux-uclibcgnueabi-gcc -c -Os -Wall -DLINUX26 -DCONFIG_BCMWL5 -DDEBUG_NOISY -DDEBUG_RCTEST -pipe -DBCMWPA2 -DBCMARM -fno-strict-aliasing -marm -DRTCONFIG_NVRAM_64K -DLINUX_KERNEL_VERSION=132644  -ffunction-sections -fdata-sections -I/home/mango/data/awrt-mango/src-rt-9.x/src/router/zlib conftest.c >&5
configure:6077: $? = 0
configure:6081: arm-brcm-linux-uclibcgnueabi-nm conftest.o \| sed -n -e 's/^.*[ ]\([ABCDGIRSTW][ABCDGIRSTW]*\)[ ][ ]*\([_A-Za-z][_A-Za-z0-9]*\)$/\1 \2 \2/p' | sed '/ __gnu_lto/d' \> conftest.nm
configure:6084: $? = 0
configure:6150: arm-brcm-linux-uclibcgnueabi-gcc -o conftest -Os -Wall -DLINUX26 -DCONFIG_BCMWL5 -DDEBUG_NOISY -DDEBUG_RCTEST -pipe -DBCMWPA2 -DBCMARM -fno-strict-aliasing -marm -DRTCONFIG_NVRAM_64K -DLINUX_KERNEL_VERSION=132644  -ffunction-sections -fdata-sections -I/home/mango/data/awrt-mango/src-rt-9.x/src/router/zlib -L/home/mango/data/awrt-mango/src-rt-9.x/src/router/zlib -fPIC -ffunction-sections -fdata-sections -Wl,--gc-sections conftest.c conftstm.o >&5
configure:6153: $? = 0
configure:6191: result: ok
configure:6238: checking for sysroot
configure:6268: result: no
configure:6275: checking for a working dd
configure:6313: result: /bin/dd
configure:6317: checking how to truncate binary pipes
configure:6332: result: /bin/dd bs=4096 count=1
configure:6621: checking for arm-linux-mt
configure:6651: result: no
configure:6661: checking for mt
configure:6677: found /bin/mt
configure:6688: result: mt
configure:6700: WARNING: using cross tools not prefixed with host triplet
configure:6711: checking if mt is a manifest tool
configure:6717: mt '-?'
configure:6725: result: no
configure:7402: checking how to run the C preprocessor
configure:7433: arm-brcm-linux-uclibcgnueabi-gcc -E -I/home/mango/data/awrt-mango/src-rt-9.x/src/router/zlib conftest.c
configure:7433: $? = 0
configure:7447: arm-brcm-linux-uclibcgnueabi-gcc -E -I/home/mango/data/awrt-mango/src-rt-9.x/src/router/zlib conftest.c
conftest.c:11:28: fatal error: ac_nonexistent.h: No such file or directory
compilation terminated.
configure:7447: $? = 1
configure: failed program was:
| /* confdefs.h */
| #define PACKAGE_NAME "ID3 Tag"
| #define PACKAGE_TARNAME "libid3tag"
| #define PACKAGE_VERSION "0.15.1b"
| #define PACKAGE_STRING "ID3 Tag 0.15.1b"
| #define PACKAGE_BUGREPORT "support@underbit.com"
| #define PACKAGE_URL ""
| #define PACKAGE "libid3tag"
| #define VERSION "0.15.1b"
| /* end confdefs.h.  */
| #include <ac_nonexistent.h>
configure:7472: result: arm-brcm-linux-uclibcgnueabi-gcc -E
configure:7492: arm-brcm-linux-uclibcgnueabi-gcc -E -I/home/mango/data/awrt-mango/src-rt-9.x/src/router/zlib conftest.c
configure:7492: $? = 0
configure:7506: arm-brcm-linux-uclibcgnueabi-gcc -E -I/home/mango/data/awrt-mango/src-rt-9.x/src/router/zlib conftest.c
conftest.c:11:28: fatal error: ac_nonexistent.h: No such file or directory
compilation terminated.
configure:7506: $? = 1
configure: failed program was:
| /* confdefs.h */
| #define PACKAGE_NAME "ID3 Tag"
| #define PACKAGE_TARNAME "libid3tag"
| #define PACKAGE_VERSION "0.15.1b"
| #define PACKAGE_STRING "ID3 Tag 0.15.1b"
| #define PACKAGE_BUGREPORT "support@underbit.com"
| #define PACKAGE_URL ""
| #define PACKAGE "libid3tag"
| #define VERSION "0.15.1b"
| /* end confdefs.h.  */
| #include <ac_nonexistent.h>
configure:7535: checking for ANSI C header files
configure:7555: arm-brcm-linux-uclibcgnueabi-gcc -c -Os -Wall -DLINUX26 -DCONFIG_BCMWL5 -DDEBUG_NOISY -DDEBUG_RCTEST -pipe -DBCMWPA2 -DBCMARM -fno-strict-aliasing -marm -DRTCONFIG_NVRAM_64K -DLINUX_KERNEL_VERSION=132644  -ffunction-sections -fdata-sections -I/home/mango/data/awrt-mango/src-rt-9.x/src/router/zlib conftest.c >&5
configure:7555: $? = 0
configure:7639: result: yes
configure:7652: checking for sys/types.h
configure:7652: arm-brcm-linux-uclibcgnueabi-gcc -c -Os -Wall -DLINUX26 -DCONFIG_BCMWL5 -DDEBUG_NOISY -DDEBUG_RCTEST -pipe -DBCMWPA2 -DBCMARM -fno-strict-aliasing -marm -DRTCONFIG_NVRAM_64K -DLINUX_KERNEL_VERSION=132644  -ffunction-sections -fdata-sections -I/home/mango/data/awrt-mango/src-rt-9.x/src/router/zlib conftest.c >&5
configure:7652: $? = 0
configure:7652: result: yes
configure:7652: checking for sys/stat.h
configure:7652: arm-brcm-linux-uclibcgnueabi-gcc -c -Os -Wall -DLINUX26 -DCONFIG_BCMWL5 -DDEBUG_NOISY -DDEBUG_RCTEST -pipe -DBCMWPA2 -DBCMARM -fno-strict-aliasing -marm -DRTCONFIG_NVRAM_64K -DLINUX_KERNEL_VERSION=132644  -ffunction-sections -fdata-sections -I/home/mango/data/awrt-mango/src-rt-9.x/src/router/zlib conftest.c >&5
configure:7652: $? = 0
configure:7652: result: yes
configure:7652: checking for stdlib.h
configure:7652: arm-brcm-linux-uclibcgnueabi-gcc -c -Os -Wall -DLINUX26 -DCONFIG_BCMWL5 -DDEBUG_NOISY -DDEBUG_RCTEST -pipe -DBCMWPA2 -DBCMARM -fno-strict-aliasing -marm -DRTCONFIG_NVRAM_64K -DLINUX_KERNEL_VERSION=132644  -ffunction-sections -fdata-sections -I/home/mango/data/awrt-mango/src-rt-9.x/src/router/zlib conftest.c >&5
configure:7652: $? = 0
configure:7652: result: yes
configure:7652: checking for string.h
configure:7652: arm-brcm-linux-uclibcgnueabi-gcc -c -Os -Wall -DLINUX26 -DCONFIG_BCMWL5 -DDEBUG_NOISY -DDEBUG_RCTEST -pipe -DBCMWPA2 -DBCMARM -fno-strict-aliasing -marm -DRTCONFIG_NVRAM_64K -DLINUX_KERNEL_VERSION=132644  -ffunction-sections -fdata-sections -I/home/mango/data/awrt-mango/src-rt-9.x/src/router/zlib conftest.c >&5
configure:7652: $? = 0
configure:7652: result: yes
configure:7652: checking for memory.h
configure:7652: arm-brcm-linux-uclibcgnueabi-gcc -c -Os -Wall -DLINUX26 -DCONFIG_BCMWL5 -DDEBUG_NOISY -DDEBUG_RCTEST -pipe -DBCMWPA2 -DBCMARM -fno-strict-aliasing -marm -DRTCONFIG_NVRAM_64K -DLINUX_KERNEL_VERSION=132644  -ffunction-sections -fdata-sections -I/home/mango/data/awrt-mango/src-rt-9.x/src/router/zlib conftest.c >&5
configure:7652: $? = 0
configure:7652: result: yes
configure:7652: checking for strings.h
configure:7652: arm-brcm-linux-uclibcgnueabi-gcc -c -Os -Wall -DLINUX26 -DCONFIG_BCMWL5 -DDEBUG_NOISY -DDEBUG_RCTEST -pipe -DBCMWPA2 -DBCMARM -fno-strict-aliasing -marm -DRTCONFIG_NVRAM_64K -DLINUX_KERNEL_VERSION=132644  -ffunction-sections -fdata-sections -I/home/mango/data/awrt-mango/src-rt-9.x/src/router/zlib conftest.c >&5
configure:7652: $? = 0
configure:7652: result: yes
configure:7652: checking for inttypes.h
configure:7652: arm-brcm-linux-uclibcgnueabi-gcc -c -Os -Wall -DLINUX26 -DCONFIG_BCMWL5 -DDEBUG_NOISY -DDEBUG_RCTEST -pipe -DBCMWPA2 -DBCMARM -fno-strict-aliasing -marm -DRTCONFIG_NVRAM_64K -DLINUX_KERNEL_VERSION=132644  -ffunction-sections -fdata-sections -I/home/mango/data/awrt-mango/src-rt-9.x/src/router/zlib conftest.c >&5
configure:7652: $? = 0
configure:7652: result: yes
configure:7652: checking for stdint.h
configure:7652: arm-brcm-linux-uclibcgnueabi-gcc -c -Os -Wall -DLINUX26 -DCONFIG_BCMWL5 -DDEBUG_NOISY -DDEBUG_RCTEST -pipe -DBCMWPA2 -DBCMARM -fno-strict-aliasing -marm -DRTCONFIG_NVRAM_64K -DLINUX_KERNEL_VERSION=132644  -ffunction-sections -fdata-sections -I/home/mango/data/awrt-mango/src-rt-9.x/src/router/zlib conftest.c >&5
configure:7652: $? = 0
configure:7652: result: yes
configure:7652: checking for unistd.h
configure:7652: arm-brcm-linux-uclibcgnueabi-gcc -c -Os -Wall -DLINUX26 -DCONFIG_BCMWL5 -DDEBUG_NOISY -DDEBUG_RCTEST -pipe -DBCMWPA2 -DBCMARM -fno-strict-aliasing -marm -DRTCONFIG_NVRAM_64K -DLINUX_KERNEL_VERSION=132644  -ffunction-sections -fdata-sections -I/home/mango/data/awrt-mango/src-rt-9.x/src/router/zlib conftest.c >&5
configure:7652: $? = 0
configure:7652: result: yes
configure:7666: checking for dlfcn.h
configure:7666: arm-brcm-linux-uclibcgnueabi-gcc -c -Os -Wall -DLINUX26 -DCONFIG_BCMWL5 -DDEBUG_NOISY -DDEBUG_RCTEST -pipe -DBCMWPA2 -DBCMARM -fno-strict-aliasing -marm -DRTCONFIG_NVRAM_64K -DLINUX_KERNEL_VERSION=132644  -ffunction-sections -fdata-sections -I/home/mango/data/awrt-mango/src-rt-9.x/src/router/zlib conftest.c >&5
configure:7666: $? = 0
configure:7666: result: yes
configure:7922: checking for objdir
configure:7937: result: .libs
configure:8197: checking if arm-brcm-linux-uclibcgnueabi-gcc supports -fno-rtti -fno-exceptions
configure:8215: arm-brcm-linux-uclibcgnueabi-gcc -c -Os -Wall -DLINUX26 -DCONFIG_BCMWL5 -DDEBUG_NOISY -DDEBUG_RCTEST -pipe -DBCMWPA2 -DBCMARM -fno-strict-aliasing -marm -DRTCONFIG_NVRAM_64K -DLINUX_KERNEL_VERSION=132644  -ffunction-sections -fdata-sections -I/home/mango/data/awrt-mango/src-rt-9.x/src/router/zlib -fno-rtti -fno-exceptions conftest.c >&5
cc1: warning: command line option "-fno-rtti" is valid for C++/ObjC++ but not for C
configure:8219: $? = 0
configure:8232: result: no
configure:8590: checking for arm-brcm-linux-uclibcgnueabi-gcc option to produce PIC
configure:8597: result: -fPIC -DPIC
configure:8605: checking if arm-brcm-linux-uclibcgnueabi-gcc PIC flag -fPIC -DPIC works
configure:8623: arm-brcm-linux-uclibcgnueabi-gcc -c -Os -Wall -DLINUX26 -DCONFIG_BCMWL5 -DDEBUG_NOISY -DDEBUG_RCTEST -pipe -DBCMWPA2 -DBCMARM -fno-strict-aliasing -marm -DRTCONFIG_NVRAM_64K -DLINUX_KERNEL_VERSION=132644  -ffunction-sections -fdata-sections -I/home/mango/data/awrt-mango/src-rt-9.x/src/router/zlib -fPIC -DPIC -DPIC conftest.c >&5
configure:8627: $? = 0
configure:8640: result: yes
configure:8669: checking if arm-brcm-linux-uclibcgnueabi-gcc static flag -static works
configure:8697: result: yes
configure:8712: checking if arm-brcm-linux-uclibcgnueabi-gcc supports -c -o file.o
configure:8733: arm-brcm-linux-uclibcgnueabi-gcc -c -Os -Wall -DLINUX26 -DCONFIG_BCMWL5 -DDEBUG_NOISY -DDEBUG_RCTEST -pipe -DBCMWPA2 -DBCMARM -fno-strict-aliasing -marm -DRTCONFIG_NVRAM_64K -DLINUX_KERNEL_VERSION=132644  -ffunction-sections -fdata-sections -I/home/mango/data/awrt-mango/src-rt-9.x/src/router/zlib -o out/conftest2.o conftest.c >&5
configure:8737: $? = 0
configure:8759: result: yes
configure:8767: checking if arm-brcm-linux-uclibcgnueabi-gcc supports -c -o file.o
configure:8814: result: yes
configure:8847: checking whether the arm-brcm-linux-uclibcgnueabi-gcc linker (arm-brcm-linux-uclibcgnueabi-ld) supports shared libraries
configure:10110: result: yes
configure:10147: checking whether -lc should be explicitly linked in
configure:10155: arm-brcm-linux-uclibcgnueabi-gcc -c -Os -Wall -DLINUX26 -DCONFIG_BCMWL5 -DDEBUG_NOISY -DDEBUG_RCTEST -pipe -DBCMWPA2 -DBCMARM -fno-strict-aliasing -marm -DRTCONFIG_NVRAM_64K -DLINUX_KERNEL_VERSION=132644  -ffunction-sections -fdata-sections -I/home/mango/data/awrt-mango/src-rt-9.x/src/router/zlib conftest.c >&5
configure:10158: $? = 0
configure:10173: arm-brcm-linux-uclibcgnueabi-gcc -shared  -fPIC -DPIC conftest.o  -v -Wl,-soname -Wl,conftest -o conftest 2\>\&1 \| /bin/grep  -lc  \>/dev/null 2\>\&1
configure:10176: $? = 0
configure:10190: result: no
configure:10350: checking dynamic linker characteristics
configure:10931: arm-brcm-linux-uclibcgnueabi-gcc -o conftest -Os -Wall -DLINUX26 -DCONFIG_BCMWL5 -DDEBUG_NOISY -DDEBUG_RCTEST -pipe -DBCMWPA2 -DBCMARM -fno-strict-aliasing -marm -DRTCONFIG_NVRAM_64K -DLINUX_KERNEL_VERSION=132644  -ffunction-sections -fdata-sections -I/home/mango/data/awrt-mango/src-rt-9.x/src/router/zlib -L/home/mango/data/awrt-mango/src-rt-9.x/src/router/zlib -fPIC -ffunction-sections -fdata-sections -Wl,--gc-sections -Wl,-rpath -Wl,/foo conftest.c  >&5
configure:10931: $? = 0
configure:11180: result: GNU/Linux ld.so
configure:11302: checking how to hardcode library paths into programs
configure:11327: result: immediate
configure:11875: checking whether stripping libraries is possible
configure:11880: result: yes
configure:11915: checking if libtool supports shared libraries
configure:11917: result: yes
configure:11920: checking whether to build shared libraries
configure:11945: result: yes
configure:11948: checking whether to build static libraries
configure:11952: result: yes
configure:12044: checking for ANSI C header files
configure:12148: result: yes
configure:12159: checking assert.h usability
configure:12159: arm-brcm-linux-uclibcgnueabi-gcc -c -Wall -DLINUX26 -DCONFIG_BCMWL5 -DDEBUG_NOISY -DDEBUG_RCTEST -pipe -DBCMWPA2 -DBCMARM -DRTCONFIG_NVRAM_64K -DLINUX_KERNEL_VERSION=132644 -I/home/mango/data/awrt-mango/src-rt-9.x/src/router/zlib conftest.c >&5
configure:12159: $? = 0
configure:12159: result: yes
configure:12159: checking assert.h presence
configure:12159: arm-brcm-linux-uclibcgnueabi-gcc -E -I/home/mango/data/awrt-mango/src-rt-9.x/src/router/zlib conftest.c
configure:12159: $? = 0
configure:12159: result: yes
configure:12159: checking for assert.h
configure:12159: result: yes
configure:12159: checking for unistd.h
configure:12159: result: yes
configure:12170: checking zlib.h usability
configure:12170: arm-brcm-linux-uclibcgnueabi-gcc -c -Wall -DLINUX26 -DCONFIG_BCMWL5 -DDEBUG_NOISY -DDEBUG_RCTEST -pipe -DBCMWPA2 -DBCMARM -DRTCONFIG_NVRAM_64K -DLINUX_KERNEL_VERSION=132644 -I/home/mango/data/awrt-mango/src-rt-9.x/src/router/zlib conftest.c >&5
configure:12170: $? = 0
configure:12170: result: yes
configure:12170: checking zlib.h presence
configure:12170: arm-brcm-linux-uclibcgnueabi-gcc -E -I/home/mango/data/awrt-mango/src-rt-9.x/src/router/zlib conftest.c
configure:12170: $? = 0
configure:12170: result: yes
configure:12170: checking for zlib.h
configure:12170: result: yes
configure:12185: checking for an ANSI C-conforming const
configure:12251: arm-brcm-linux-uclibcgnueabi-gcc -c -Wall -DLINUX26 -DCONFIG_BCMWL5 -DDEBUG_NOISY -DDEBUG_RCTEST -pipe -DBCMWPA2 -DBCMARM -DRTCONFIG_NVRAM_64K -DLINUX_KERNEL_VERSION=132644 -I/home/mango/data/awrt-mango/src-rt-9.x/src/router/zlib conftest.c >&5
configure:12251: $? = 0
configure:12258: result: yes
configure:12266: checking for inline
configure:12282: arm-brcm-linux-uclibcgnueabi-gcc -c -Wall -DLINUX26 -DCONFIG_BCMWL5 -DDEBUG_NOISY -DDEBUG_RCTEST -pipe -DBCMWPA2 -DBCMARM -DRTCONFIG_NVRAM_64K -DLINUX_KERNEL_VERSION=132644 -I/home/mango/data/awrt-mango/src-rt-9.x/src/router/zlib conftest.c >&5
configure:12282: $? = 0
configure:12290: result: inline
configure:12312: checking for ftruncate
configure:12312: arm-brcm-linux-uclibcgnueabi-gcc -o conftest -Wall -DLINUX26 -DCONFIG_BCMWL5 -DDEBUG_NOISY -DDEBUG_RCTEST -pipe -DBCMWPA2 -DBCMARM -DRTCONFIG_NVRAM_64K -DLINUX_KERNEL_VERSION=132644 -I/home/mango/data/awrt-mango/src-rt-9.x/src/router/zlib -L/home/mango/data/awrt-mango/src-rt-9.x/src/router/zlib -fPIC -ffunction-sections -fdata-sections -Wl,--gc-sections conftest.c  >&5
configure:12312: $? = 0
configure:12312: result: yes
configure:12322: checking for compress2 in -lz
configure:12347: arm-brcm-linux-uclibcgnueabi-gcc -o conftest -Wall -DLINUX26 -DCONFIG_BCMWL5 -DDEBUG_NOISY -DDEBUG_RCTEST -pipe -DBCMWPA2 -DBCMARM -DRTCONFIG_NVRAM_64K -DLINUX_KERNEL_VERSION=132644 -I/home/mango/data/awrt-mango/src-rt-9.x/src/router/zlib -L/home/mango/data/awrt-mango/src-rt-9.x/src/router/zlib -fPIC -ffunction-sections -fdata-sections -Wl,--gc-sections conftest.c -lz   >&5
configure:12347: $? = 0
configure:12356: result: yes
configure:12462: checking whether to enable profiling
configure:12473: result: no
configure:12476: checking whether to enable debugging
configure:12507: result: no
configure:12635: checking that generated files are newer than configure
configure:12641: result: done
configure:12668: creating ./config.status

## ---------------------- ##
## Running config.status. ##
## ---------------------- ##

This file was extended by ID3 Tag config.status 0.15.1b, which was
generated by GNU Autoconf 2.69.  Invocation command line was

  CONFIG_FILES    = 
  CONFIG_HEADERS  = 
  CONFIG_LINKS    = 
  CONFIG_COMMANDS = 
  $ ./config.status 

on linux

config.status:1096: creating Makefile
config.status:1096: creating msvc++/Makefile
config.status:1096: creating libid3tag.list
config.status:1096: creating config.h
config.status:1277: config.h is unchanged
config.status:1325: executing depfiles commands
config.status:1325: executing libtool commands

## ---------------- ##
## Cache variables. ##
## ---------------- ##

ac_cv_build=x86_64-pc-linux-gnu
ac_cv_c_compiler_gnu=yes
ac_cv_c_const=yes
ac_cv_c_inline=inline
ac_cv_env_CC_set=set
ac_cv_env_CC_value=arm-brcm-linux-uclibcgnueabi-gcc
ac_cv_env_CFLAGS_set=set
ac_cv_env_CFLAGS_value='-Os -Wall -DLINUX26 -DCONFIG_BCMWL5 -DDEBUG_NOISY -DDEBUG_RCTEST -pipe -DBCMWPA2 -DBCMARM -fno-strict-aliasing -marm -DRTCONFIG_NVRAM_64K -DLINUX_KERNEL_VERSION=132644  -ffunction-sections -fdata-sections'
ac_cv_env_CPPFLAGS_set=set
ac_cv_env_CPPFLAGS_value=-I/home/mango/data/awrt-mango/src-rt-9.x/src/router/zlib
ac_cv_env_CPP_set=
ac_cv_env_CPP_value=
ac_cv_env_LDFLAGS_set=set
ac_cv_env_LDFLAGS_value='-L/home/mango/data/awrt-mango/src-rt-9.x/src/router/zlib -fPIC -ffunction-sections -fdata-sections -Wl,--gc-sections'
ac_cv_env_LIBS_set=
ac_cv_env_LIBS_value=
ac_cv_env_LT_SYS_LIBRARY_PATH_set=
ac_cv_env_LT_SYS_LIBRARY_PATH_value=
ac_cv_env_build_alias_set=set
ac_cv_env_build_alias_value=x86_64-linux-gnu
ac_cv_env_host_alias_set=set
ac_cv_env_host_alias_value=arm-linux
ac_cv_env_target_alias_set=
ac_cv_env_target_alias_value=
ac_cv_func_ftruncate=yes
ac_cv_header_assert_h=yes
ac_cv_header_dlfcn_h=yes
ac_cv_header_inttypes_h=yes
ac_cv_header_memory_h=yes
ac_cv_header_stdc=yes
ac_cv_header_stdint_h=yes
ac_cv_header_stdlib_h=yes
ac_cv_header_string_h=yes
ac_cv_header_strings_h=yes
ac_cv_header_sys_stat_h=yes
ac_cv_header_sys_types_h=yes
ac_cv_header_unistd_h=yes
ac_cv_header_zlib_h=yes
ac_cv_host=arm-unknown-linux-gnu
ac_cv_lib_z_compress2=yes
ac_cv_objext=o
ac_cv_path_EGREP='/bin/grep -E'
ac_cv_path_FGREP='/bin/grep -F'
ac_cv_path_GREP=/bin/grep
ac_cv_path_SED=/bin/sed
ac_cv_path_install='/usr/bin/install -c'
ac_cv_path_lt_DD=/bin/dd
ac_cv_path_mkdir=/bin/mkdir
ac_cv_prog_AR=arm-brcm-linux-uclibcgnueabi-ar
ac_cv_prog_AWK=gawk
ac_cv_prog_CC=arm-brcm-linux-uclibcgnueabi-gcc
ac_cv_prog_CPP='arm-brcm-linux-uclibcgnueabi-gcc -E'
ac_cv_prog_OBJDUMP=arm-brcm-linux-uclibcgnueabi-objdump
ac_cv_prog_RANLIB=arm-brcm-linux-uclibcgnueabi-ranlib
ac_cv_prog_STRIP=arm-brcm-linux-uclibcgnueabi-strip
ac_cv_prog_ac_ct_MANIFEST_TOOL=mt
ac_cv_prog_cc_c89=
ac_cv_prog_cc_g=yes
ac_cv_prog_make_make_set=yes
am_cv_CC_dependencies_compiler_type=none
am_cv_make_support_nested_variables=yes
am_cv_prog_cc_c_o=yes
lt_cv_ar_at_file=@
lt_cv_archive_cmds_need_lc=no
lt_cv_deplibs_check_method=pass_all
lt_cv_file_magic_cmd='$MAGIC_CMD'
lt_cv_file_magic_test_file=
lt_cv_ld_reload_flag=-r
lt_cv_nm_interface='BSD nm'
lt_cv_objdir=.libs
lt_cv_path_LD=arm-brcm-linux-uclibcgnueabi-ld
lt_cv_path_NM=arm-brcm-linux-uclibcgnueabi-nm
lt_cv_path_mainfest_tool=no
lt_cv_prog_compiler_c_o=yes
lt_cv_prog_compiler_pic='-fPIC -DPIC'
lt_cv_prog_compiler_pic_works=yes
lt_cv_prog_compiler_rtti_exceptions=no
lt_cv_prog_compiler_static_works=yes
lt_cv_prog_gnu_ld=yes
lt_cv_sharedlib_from_linklib_cmd='printf %s\n'
lt_cv_shlibpath_overrides_runpath=no
lt_cv_sys_global_symbol_pipe='sed -n -e '\''s/^.*[	 ]\([ABCDGIRSTW][ABCDGIRSTW]*\)[	 ][	 ]*\([_A-Za-z][_A-Za-z0-9]*\)$/\1 \2 \2/p'\'' | sed '\''/ __gnu_lto/d'\'''
lt_cv_sys_global_symbol_to_c_name_address='sed -n -e '\''s/^: \(.*\) .*$/  {"\1", (void *) 0},/p'\'' -e '\''s/^[ABCDGIRSTW][ABCDGIRSTW]* .* \(.*\)$/  {"\1", (void *) \&\1},/p'\'''
lt_cv_sys_global_symbol_to_c_name_address_lib_prefix='sed -n -e '\''s/^: \(.*\) .*$/  {"\1", (void *) 0},/p'\'' -e '\''s/^[ABCDGIRSTW][ABCDGIRSTW]* .* \(lib.*\)$/  {"\1", (void *) \&\1},/p'\'' -e '\''s/^[ABCDGIRSTW][ABCDGIRSTW]* .* \(.*\)$/  {"lib\1", (void *) \&\1},/p'\'''
lt_cv_sys_global_symbol_to_cdecl='sed -n -e '\''s/^T .* \(.*\)$/extern int \1();/p'\'' -e '\''s/^[ABCDGIRSTW][ABCDGIRSTW]* .* \(.*\)$/extern char \1;/p'\'''
lt_cv_sys_global_symbol_to_import=
lt_cv_sys_max_cmd_len=1572864
lt_cv_to_host_file_cmd=func_convert_file_noop
lt_cv_to_tool_file_cmd=func_convert_file_noop
lt_cv_truncate_bin='/bin/dd bs=4096 count=1'

## ----------------- ##
## Output variables. ##
## ----------------- ##

ACLOCAL='${SHELL} /home/mango/data/awrt-mango/src/router/libid3tag/missing aclocal-1.15'
AMDEPBACKSLASH=''
AMDEP_FALSE=''
AMDEP_TRUE='#'
AMTAR='$${TAR-tar}'
AM_BACKSLASH='\'
AM_DEFAULT_V='$(AM_DEFAULT_VERBOSITY)'
AM_DEFAULT_VERBOSITY='1'
AM_V='$(V)'
AR='arm-brcm-linux-uclibcgnueabi-ar'
AUTOCONF='${SHELL} /home/mango/data/awrt-mango/src/router/libid3tag/missing autoconf'
AUTOHEADER='${SHELL} /home/mango/data/awrt-mango/src/router/libid3tag/missing autoheader'
AUTOMAKE='${SHELL} /home/mango/data/awrt-mango/src/router/libid3tag/missing automake-1.15'
AWK='gawk'
CC='arm-brcm-linux-uclibcgnueabi-gcc'
CCDEPMODE='depmode=none'
CFLAGS='-Wall -DLINUX26 -DCONFIG_BCMWL5 -DDEBUG_NOISY -DDEBUG_RCTEST -pipe -DBCMWPA2 -DBCMARM -DRTCONFIG_NVRAM_64K -DLINUX_KERNEL_VERSION=132644  -marm -fdata-sections -fomit-frame-pointer'
CPP='arm-brcm-linux-uclibcgnueabi-gcc -E'
CPPFLAGS='-I/home/mango/data/awrt-mango/src-rt-9.x/src/router/zlib'
CYGPATH_W='echo'
DEBUG_FALSE=''
DEBUG_TRUE='#'
DEFS='-DHAVE_CONFIG_H'
DEPDIR='.deps'
DLLTOOL='false'
DSYMUTIL=''
DUMPBIN=''
ECHO_C=''
ECHO_N='-n'
ECHO_T=''
EGREP='/bin/grep -E'
EXEEXT=''
FGREP='/bin/grep -F'
GREP='/bin/grep'
INSTALL_DATA='${INSTALL} -m 644'
INSTALL_PROGRAM='${INSTALL}'
INSTALL_SCRIPT='${INSTALL}'
INSTALL_STRIP_PROGRAM='$(install_sh) -c -s'
LD='arm-brcm-linux-uclibcgnueabi-ld'
LDFLAGS='-L/home/mango/data/awrt-mango/src-rt-9.x/src/router/zlib -fPIC -ffunction-sections -fdata-sections -Wl,--gc-sections'
LIBOBJS=''
LIBS='-lz '
LIBTOOL='$(SHELL) $(top_builddir)/libtool'
LIBTOOL_DEPS='./ltmain.sh'
LIPO=''
LN_S='ln -s'
LTLIBOBJS=''
LT_SYS_LIBRARY_PATH=''
MAKEINFO='${SHELL} /home/mango/data/awrt-mango/src/router/libid3tag/missing makeinfo'
MANIFEST_TOOL=':'
MKDIR_P='/bin/mkdir -p'
NM='arm-brcm-linux-uclibcgnueabi-nm'
NMEDIT=''
OBJDUMP='arm-brcm-linux-uclibcgnueabi-objdump'
OBJEXT='o'
OTOOL64=''
OTOOL=''
PACKAGE='libid3tag'
PACKAGE_BUGREPORT='support@underbit.com'
PACKAGE_NAME='ID3 Tag'
PACKAGE_STRING='ID3 Tag 0.15.1b'
PACKAGE_TARNAME='libid3tag'
PACKAGE_URL=''
PACKAGE_VERSION='0.15.1b'
PATH_SEPARATOR=':'
RANLIB='arm-brcm-linux-uclibcgnueabi-ranlib'
SED='/bin/sed'
SET_MAKE=''
SHELL='/bin/bash'
STRIP='arm-brcm-linux-uclibcgnueabi-strip'
VERSION='0.15.1b'
ac_ct_AR=''
ac_ct_CC=''
ac_ct_DUMPBIN=''
am__EXEEXT_FALSE=''
am__EXEEXT_TRUE='#'
am__fastdepCC_FALSE=''
am__fastdepCC_TRUE='#'
am__include='include'
am__isrc=''
am__leading_dot='.'
am__nodep=''
am__quote=''
am__tar='$${TAR-tar} chof - "$$tardir"'
am__untar='$${TAR-tar} xf -'
bindir='${exec_prefix}/bin'
build='x86_64-pc-linux-gnu'
build_alias='x86_64-linux-gnu'
build_cpu='x86_64'
build_os='linux-gnu'
build_vendor='pc'
datadir='${datarootdir}'
datarootdir='${prefix}/share'
docdir='${datarootdir}/doc/${PACKAGE_TARNAME}'
dvidir='${docdir}'
exec_prefix='${prefix}'
host='arm-unknown-linux-gnu'
host_alias='arm-linux'
host_cpu='arm'
host_os='linux-gnu'
host_vendor='unknown'
htmldir='${docdir}'
includedir='${prefix}/include'
infodir='${datarootdir}/info'
install_sh='${SHELL} /home/mango/data/awrt-mango/src/router/libid3tag/install-sh'
libdir='${exec_prefix}/lib'
libexecdir='${exec_prefix}/libexec'
localedir='${datarootdir}/locale'
localstatedir='${prefix}/var'
mandir='${datarootdir}/man'
mkdir_p='$(MKDIR_P)'
oldincludedir='/usr/include'
pdfdir='${docdir}'
prefix=''
program_transform_name='s,x,x,'
psdir='${docdir}'
runstatedir='${localstatedir}/run'
sbindir='${exec_prefix}/sbin'
sharedstatedir='${prefix}/com'
sysconfdir='${prefix}/etc'
target_alias=''

## ----------- ##
## confdefs.h. ##
## ----------- ##

/* confdefs.h */
#define PACKAGE_NAME "ID3 Tag"
#define PACKAGE_TARNAME "libid3tag"
#define PACKAGE_VERSION "0.15.1b"
#define PACKAGE_STRING "ID3 Tag 0.15.1b"
#define PACKAGE_BUGREPORT "support@underbit.com"
#define PACKAGE_URL ""
#define PACKAGE "libid3tag"
#define VERSION "0.15.1b"
#define STDC_HEADERS 1
#define HAVE_SYS_TYPES_H 1
#define HAVE_SYS_STAT_H 1
#define HAVE_STDLIB_H 1
#define HAVE_STRING_H 1
#define HAVE_MEMORY_H 1
#define HAVE_STRINGS_H 1
#define HAVE_INTTYPES_H 1
#define HAVE_STDINT_H 1
#define HAVE_UNISTD_H 1
#define HAVE_DLFCN_H 1
#define LT_OBJDIR ".libs/"
#define STDC_HEADERS 1
#define HAVE_ASSERT_H 1
#define HAVE_UNISTD_H 1
#define HAVE_FTRUNCATE 1
#define HAVE_LIBZ 1
#define NDEBUG 1

configure: exit 0
